# JRE version: OpenJDK Runtime Environment (8.0_242-b01) (build 1.8.0_242-release-1644-b01)
# Java VM: OpenJDK 64-Bit Server VM (25.242-b01 mixed mode windows-amd64 compressed oops)
Heap:
 PSYoungGen      total 277504K, used 270159K [0x00000000eab00000, 0x0000000100000000, 0x0000000100000000)
  eden space 257024K, 97% used [0x00000000eab00000,0x00000000f9ed4358,0x00000000fa600000)
  from space 20480K, 99% used [0x00000000fa600000,0x00000000fb9ff980,0x00000000fba00000)
  to   space 24064K, 0% used [0x00000000fe880000,0x00000000fe880000,0x0000000100000000)
 ParOldGen       total 105472K, used 33325K [0x00000000c0000000, 0x00000000c6700000, 0x00000000eab00000)
  object space 105472K, 31% used [0x00000000c0000000,0x00000000c208b5f8,0x00000000c6700000)
 Metaspace       used 69146K, capacity 72338K, committed 72472K, reserved 1112064K
  class space    used 9370K, capacity 10023K, committed 10032K, reserved 1048576K
GC Heap History (10 events):
Event: 6.244 GC heap before
{Heap before GC invocations=12 (full 2):
 PSYoungGen      total 140288K, used 128512K [0x00000000eab00000, 0x00000000f7680000, 0x0000000100000000)
  eden space 128512K, 100% used [0x00000000eab00000,0x00000000f2880000,0x00000000f2880000)
  from space 11776K, 0% used [0x00000000f2880000,0x00000000f2880000,0x00000000f3400000)
  to   space 12800K, 0% used [0x00000000f6a00000,0x00000000f6a00000,0x00000000f7680000)
 ParOldGen       total 48128K, used 17147K [0x00000000c0000000, 0x00000000c2f00000, 0x00000000eab00000)
  object space 48128K, 35% used [0x00000000c0000000,0x00000000c10becf8,0x00000000c2f00000)
 Metaspace       used 39834K, capacity 41586K, committed 41768K, reserved 1085440K
  class space    used 5496K, capacity 5861K, committed 5936K, reserved 1048576K
Event: 6.251 GC heap after
Heap after GC invocations=12 (full 2):
 PSYoungGen      total 195072K, used 10028K [0x00000000eab00000, 0x00000000f7880000, 0x0000000100000000)
  eden space 182272K, 0% used [0x00000000eab00000,0x00000000eab00000,0x00000000f5d00000)
  from space 12800K, 78% used [0x00000000f6a00000,0x00000000f73cb3b8,0x00000000f7680000)
  to   space 13312K, 0% used [0x00000000f5d00000,0x00000000f5d00000,0x00000000f6a00000)
 ParOldGen       total 48128K, used 17155K [0x00000000c0000000, 0x00000000c2f00000, 0x00000000eab00000)
  object space 48128K, 35% used [0x00000000c0000000,0x00000000c10c0cf8,0x00000000c2f00000)
 Metaspace       used 39834K, capacity 41586K, committed 41768K, reserved 1085440K
  class space    used 5496K, capacity 5861K, committed 5936K, reserved 1048576K
}
Event: 8.406 GC heap before
{Heap before GC invocations=13 (full 2):
 PSYoungGen      total 195072K, used 192300K [0x00000000eab00000, 0x00000000f7880000, 0x0000000100000000)
  eden space 182272K, 100% used [0x00000000eab00000,0x00000000f5d00000,0x00000000f5d00000)
  from space 12800K, 78% used [0x00000000f6a00000,0x00000000f73cb3b8,0x00000000f7680000)
  to   space 13312K, 0% used [0x00000000f5d00000,0x00000000f5d00000,0x00000000f6a00000)
 ParOldGen       total 48128K, used 17155K [0x00000000c0000000, 0x00000000c2f00000, 0x00000000eab00000)
  object space 48128K, 35% used [0x00000000c0000000,0x00000000c10c0cf8,0x00000000c2f00000)
 Metaspace       used 55401K, capacity 57706K, committed 58024K, reserved 1099776K
  class space    used 7549K, capacity 8001K, committed 8112K, reserved 1048576K
Event: 8.463 GC heap after
Heap after GC invocations=13 (full 2):
 PSYoungGen      total 195584K, used 13301K [0x00000000eab00000, 0x00000000fce00000, 0x0000000100000000)
  eden space 182272K, 0% used [0x00000000eab00000,0x00000000eab00000,0x00000000f5d00000)
  from space 13312K, 99% used [0x00000000f5d00000,0x00000000f69fd598,0x00000000f6a00000)
  to   space 20480K, 0% used [0x00000000fba00000,0x00000000fba00000,0x00000000fce00000)
 ParOldGen       total 48128K, used 31713K [0x00000000c0000000, 0x00000000c2f00000, 0x00000000eab00000)
  object space 48128K, 65% used [0x00000000c0000000,0x00000000c1ef8458,0x00000000c2f00000)
 Metaspace       used 55401K, capacity 57706K, committed 58024K, reserved 1099776K
  class space    used 7549K, capacity 8001K, committed 8112K, reserved 1048576K
}
Event: 8.894 GC heap before
{Heap before GC invocations=14 (full 2):
 PSYoungGen      total 195584K, used 47803K [0x00000000eab00000, 0x00000000fce00000, 0x0000000100000000)
  eden space 182272K, 18% used [0x00000000eab00000,0x00000000eccb1a08,0x00000000f5d00000)
  from space 13312K, 99% used [0x00000000f5d00000,0x00000000f69fd598,0x00000000f6a00000)
  to   space 20480K, 0% used [0x00000000fba00000,0x00000000fba00000,0x00000000fce00000)
 ParOldGen       total 48128K, used 31713K [0x00000000c0000000, 0x00000000c2f00000, 0x00000000eab00000)
  object space 48128K, 65% used [0x00000000c0000000,0x00000000c1ef8458,0x00000000c2f00000)
 Metaspace       used 56741K, capacity 59128K, committed 59160K, reserved 1099776K
  class space    used 7772K, capacity 8238K, committed 8240K, reserved 1048576K
Event: 8.927 GC heap after
Heap after GC invocations=14 (full 2):
 PSYoungGen      total 277504K, used 3072K [0x00000000eab00000, 0x00000000fd000000, 0x0000000100000000)
  eden space 257024K, 0% used [0x00000000eab00000,0x00000000eab00000,0x00000000fa600000)
  from space 20480K, 15% used [0x00000000fba00000,0x00000000fbd00000,0x00000000fce00000)
  to   space 20480K, 0% used [0x00000000fa600000,0x00000000fa600000,0x00000000fba00000)
 ParOldGen       total 48128K, used 43892K [0x00000000c0000000, 0x00000000c2f00000, 0x00000000eab00000)
  object space 48128K, 91% used [0x00000000c0000000,0x00000000c2add0d0,0x00000000c2f00000)
 Metaspace       used 56741K, capacity 59128K, committed 59160K, reserved 1099776K
  class space    used 7772K, capacity 8238K, committed 8240K, reserved 1048576K
}
Event: 8.927 GC heap before
{Heap before GC invocations=15 (full 3):
 PSYoungGen      total 277504K, used 3072K [0x00000000eab00000, 0x00000000fd000000, 0x0000000100000000)
  eden space 257024K, 0% used [0x00000000eab00000,0x00000000eab00000,0x00000000fa600000)
  from space 20480K, 15% used [0x00000000fba00000,0x00000000fbd00000,0x00000000fce00000)
  to   space 20480K, 0% used [0x00000000fa600000,0x00000000fa600000,0x00000000fba00000)
 ParOldGen       total 48128K, used 43892K [0x00000000c0000000, 0x00000000c2f00000, 0x00000000eab00000)
  object space 48128K, 91% used [0x00000000c0000000,0x00000000c2add0d0,0x00000000c2f00000)
 Metaspace       used 56741K, capacity 59128K, committed 59160K, reserved 1099776K
  class space    used 7772K, capacity 8238K, committed 8240K, reserved 1048576K
Event: 9.491 GC heap after
Heap after GC invocations=15 (full 3):
 PSYoungGen      total 277504K, used 0K [0x00000000eab00000, 0x00000000fd000000, 0x0000000100000000)
  eden space 257024K, 0% used [0x00000000eab00000,0x00000000eab00000,0x00000000fa600000)
  from space 20480K, 0% used [0x00000000fba00000,0x00000000fba00000,0x00000000fce00000)
  to   space 20480K, 0% used [0x00000000fa600000,0x00000000fa600000,0x00000000fba00000)
 ParOldGen       total 105472K, used 32450K [0x00000000c0000000, 0x00000000c6700000, 0x00000000eab00000)
  object space 105472K, 30% used [0x00000000c0000000,0x00000000c1fb0b68,0x00000000c6700000)
 Metaspace       used 56695K, capacity 58972K, committed 59160K, reserved 1099776K
  class space    used 7758K, capacity 8212K, committed 8240K, reserved 1048576K
}
Event: 17.528 GC heap before
{Heap before GC invocations=16 (full 3):
 PSYoungGen      total 277504K, used 257024K [0x00000000eab00000, 0x00000000fd000000, 0x0000000100000000)
  eden space 257024K, 100% used [0x00000000eab00000,0x00000000fa600000,0x00000000fa600000)
  from space 20480K, 0% used [0x00000000fba00000,0x00000000fba00000,0x00000000fce00000)
  to   space 20480K, 0% used [0x00000000fa600000,0x00000000fa600000,0x00000000fba00000)
 ParOldGen       total 105472K, used 32450K [0x00000000c0000000, 0x00000000c6700000, 0x00000000eab00000)
  object space 105472K, 30% used [0x00000000c0000000,0x00000000c1fb0b68,0x00000000c6700000)
 Metaspace       used 65497K, capacity 68608K, committed 68760K, reserved 1107968K
  class space    used 9020K, capacity 9618K, committed 9648K, reserved 1048576K
Event: 17.554 GC heap after
Heap after GC invocations=16 (full 3):
 PSYoungGen      total 277504K, used 20478K [0x00000000eab00000, 0x0000000100000000, 0x0000000100000000)
  eden space 257024K, 0% used [0x00000000eab00000,0x00000000eab00000,0x00000000fa600000)
  from space 20480K, 99% used [0x00000000fa600000,0x00000000fb9ff980,0x00000000fba00000)
  to   space 24064K, 0% used [0x00000000fe880000,0x00000000fe880000,0x0000000100000000)
 ParOldGen       total 105472K, used 33325K [0x00000000c0000000, 0x00000000c6700000, 0x00000000eab00000)
  object space 105472K, 31% used [0x00000000c0000000,0x00000000c208b5f8,0x00000000c6700000)
 Metaspace       used 65497K, capacity 68608K, committed 68760K, reserved 1107968K
  class space    used 9020K, capacity 9618K, committed 9648K, reserved 1048576K
}

